<?xml version="1.0" encoding="UTF-8"?>
<!-- Generated by org.testng.reporters.JUnitReportReporter -->
<testsuite ignored="1" hostname="INLEN8520087179" failures="0" tests="1" name="com.app.tests.Tests" time="66.348" errors="0" timestamp="09 Jan 2023 12:30:28 GMT" skipped="0">
  <testcase classname="com.app.tests.Tests" name="verifyAddToBagOption" time="66.348"/>
  <testcase classname="com.app.tests.Tests" name="verifyLogin">
    <skipped/>
  </testcase> <!-- verifyLogin -->
</testsuite> <!-- com.app.tests.Tests -->
